<?xml version="1.0" encoding="UTF-8"?>
<testsuite xmlns:xsi="http://www.w3.org/2001/XMLSchema-instance" xsi:noNamespaceSchemaLocation="https://maven.apache.org/surefire/maven-surefire-plugin/xsd/surefire-test-report-3.0.xsd" version="3.0" name="com.atlantic.test.runner.Runner" time="107.757" tests="4" errors="0" skipped="0" failures="0">
  <properties>
[...]
</properties>
  <testcase name="Validar que genere el código de pago con el monto mínimo #1" classname="Poder generar el código de depósito" time="28.06">
    <system-out><![CDATA[ss1
Espera Elemento : By.xpath: //button[contains(text(),'Ingresar')]
Mensaje: Tu código se está generando
Código Generado240474030069
ValorConcatenado:S/ 30.00
valorDevuelto: S/ 30.00
Código GeneradoS/ 30.00
]]></system-out>
    <system-err><![CDATA[631 [main] INFO  - 

-------------------------------------------------------------------------------------
     _______. _______ .______       _______ .__   __.  __  .___________.____    ____ 
    /       ||   ____||   _  \     |   ____||  \ |  | |  | |           |\   \  /   / 
   |   (----`|  |__   |  |_)  |    |  |__   |   \|  | |  | `---|  |----` \   \/   /  
    \   \    |   __|  |      /     |   __|  |  . `  | |  |     |  |       \_    _/   
.----)   |   |  |____ |  |\  \----.|  |____ |  |\   | |  |     |  |         |  |     
|_______/    |_______|| _| `._____||_______||__| \__| |__|     |__|         |__|    
                                                                                     
 News and tutorials at http://www.serenity-bdd.info                                  
 Documentation at https://wakaleo.gitbooks.io/the-serenity-book/content/             
 Join the Serenity Community on Gitter: https://gitter.im/serenity-bdd/serenity-core 
 Serenity BDD Support and Training at http://serenity-bdd.info/#/trainingandsupport  
-------------------------------------------------------------------------------------

640 [main] INFO  - Test Suite Started: Poder realizar el inicio de sesión del usuario a la pltaforma web del casino Atlantic City
699 [main] INFO  - Test Suite Started: Poder generar el código de depósito
702 [main] INFO  - Test Suite Started: Poder generar el código de depósito
870 [main] INFO  - 
  _____   ___   ___   _____     ___   _____     _     ___   _____   ___   ___  
 |_   _| | __| / __| |_   _|   / __| |_   _|   /_\   | _ \ |_   _| | __| |   \ 
   | |   | _|  \__ \   | |     \__ \   | |    / _ \  |   /   | |   | _|  | |) |
   |_|   |___| |___/   |_|     |___/   |_|   /_/ \_\ |_|_\   |_|   |___| |___/ 

Validar que genere el código de pago con el monto mínimo(poder-generar-el-código-de-depósito;validar-que-genere-el-código-de-pago-con-el-monto-mínimo)
--------------------------------------------------------------------------------
1505 [main] INFO net.serenitybdd.core.webdriver.driverproviders.ChromeDriverProvider - Starting Chrome driver instance with capabilities:
1506 [main] INFO net.serenitybdd.core.webdriver.driverproviders.ChromeDriverProvider - Capabilities {acceptInsecureCerts: false, browserName: chrome, goog:chromeOptions: {args: [remote-allow-origins=*, --start-maximized], extensions: []}}
feb. 16, 2024 5:59:27 P. M. org.openqa.selenium.manager.SeleniumManager lambda$runCommand$1
INFO: Driver path: C:\Users\rcarrasco\.cache\selenium\chromedriver\win64\121.0.6167.184\chromedriver.exe
feb. 16, 2024 5:59:27 P. M. org.openqa.selenium.manager.SeleniumManager lambda$runCommand$1
INFO: Browser path: C:\Program Files\Google\Chrome\Application\chrome.exe
feb. 16, 2024 5:59:29 P. M. org.openqa.selenium.devtools.CdpVersionFinder findNearestMatch
WARNING: Unable to find CDP implementation matching 121
feb. 16, 2024 5:59:29 P. M. org.openqa.selenium.chromium.ChromiumDriver lambda$new$5
WARNING: Unable to find version of CDP to use for 121.0.6167.161. You may need to include a dependency on a specific version of the CDP using something similar to `org.seleniumhq.selenium:selenium-devtools-v86:4.12.0` where the version ("v86") matches the version of the chromium-based browser you're using and the version number of the artifact is the same as Selenium's.
28754 [main] INFO  - 
  _____   ___   ___   _____     ___     _     ___   ___   ___   ___  
 |_   _| | __| / __| |_   _|   | _ \   /_\   / __| / __| | __| |   \ 
   | |   | _|  \__ \   | |     |  _/  / _ \  \__ \ \__ \ | _|  | |) |
   |_|   |___| |___/   |_|     |_|   /_/ \_\ |___/ |___/ |___| |___/ 

Validar que genere el código de pago con el monto mínimo
----------------------------------------------------------------------
]]></system-err>
  </testcase>
  <testcase name="Validar que genere el código de pago con el monto mínimo #2" classname="Poder generar el código de depósito" time="26.862">
    <system-out><![CDATA[Espera Elemento : By.xpath: //button[contains(text(),'Ingresar')]
Mensaje: Tu código se está generando
Código Generado794347
Código GeneradoS/ 30.00
]]></system-out>
    <system-err><![CDATA[28877 [main] INFO net.serenitybdd.core.webdriver.driverproviders.ChromeDriverProvider - Starting Chrome driver instance with capabilities:
28878 [main] INFO net.serenitybdd.core.webdriver.driverproviders.ChromeDriverProvider - Capabilities {acceptInsecureCerts: false, browserName: chrome, goog:chromeOptions: {args: [remote-allow-origins=*, --start-maximized], extensions: []}}
feb. 16, 2024 5:59:54 P. M. org.openqa.selenium.manager.SeleniumManager lambda$runCommand$1
INFO: Driver path: C:\Users\rcarrasco\.cache\selenium\chromedriver\win64\121.0.6167.184\chromedriver.exe
feb. 16, 2024 5:59:54 P. M. org.openqa.selenium.manager.SeleniumManager lambda$runCommand$1
INFO: Browser path: C:\Program Files\Google\Chrome\Application\chrome.exe
feb. 16, 2024 5:59:55 P. M. org.openqa.selenium.devtools.CdpVersionFinder findNearestMatch
WARNING: Unable to find CDP implementation matching 121
feb. 16, 2024 5:59:55 P. M. org.openqa.selenium.chromium.ChromiumDriver lambda$new$5
WARNING: Unable to find version of CDP to use for 121.0.6167.161. You may need to include a dependency on a specific version of the CDP using something similar to `org.seleniumhq.selenium:selenium-devtools-v86:4.12.0` where the version ("v86") matches the version of the chromium-based browser you're using and the version number of the artifact is the same as Selenium's.
55621 [main] INFO  - 
  _____   ___   ___   _____     ___     _     ___   ___   ___   ___  
 |_   _| | __| / __| |_   _|   | _ \   /_\   / __| / __| | __| |   \ 
   | |   | _|  \__ \   | |     |  _/  / _ \  \__ \ \__ \ | _|  | |) |
   |_|   |___| |___/   |_|     |_|   /_/ \_\ |___/ |___/ |___| |___/ 

Validar que genere el código de pago con el monto mínimo
----------------------------------------------------------------------
]]></system-err>
  </testcase>
  <testcase name="Validar que genere el código de pago con el monto mínimo #3" classname="Poder generar el código de depósito" time="25.567">
    <system-out><![CDATA[Espera Elemento : By.xpath: //button[contains(text(),'Ingresar')]
Mensaje: Tu código se está generando
Código Generado204368428
ValorConcatenado:S/ 30.00
Código GeneradoS/ 30.00
]]></system-out>
    <system-err><![CDATA[55718 [main] INFO net.serenitybdd.core.webdriver.driverproviders.ChromeDriverProvider - Starting Chrome driver instance with capabilities:
55718 [main] INFO net.serenitybdd.core.webdriver.driverproviders.ChromeDriverProvider - Capabilities {acceptInsecureCerts: false, browserName: chrome, goog:chromeOptions: {args: [remote-allow-origins=*, --start-maximized], extensions: []}}
feb. 16, 2024 6:00:21 P. M. org.openqa.selenium.manager.SeleniumManager lambda$runCommand$1
INFO: Driver path: C:\Users\rcarrasco\.cache\selenium\chromedriver\win64\121.0.6167.184\chromedriver.exe
feb. 16, 2024 6:00:21 P. M. org.openqa.selenium.manager.SeleniumManager lambda$runCommand$1
INFO: Browser path: C:\Program Files\Google\Chrome\Application\chrome.exe
feb. 16, 2024 6:00:22 P. M. org.openqa.selenium.devtools.CdpVersionFinder findNearestMatch
WARNING: Unable to find CDP implementation matching 121
feb. 16, 2024 6:00:22 P. M. org.openqa.selenium.chromium.ChromiumDriver lambda$new$5
WARNING: Unable to find version of CDP to use for 121.0.6167.161. You may need to include a dependency on a specific version of the CDP using something similar to `org.seleniumhq.selenium:selenium-devtools-v86:4.12.0` where the version ("v86") matches the version of the chromium-based browser you're using and the version number of the artifact is the same as Selenium's.
]]></system-err>
  </testcase>
  <testcase name="Validar que genere el código de pago con el monto mínimo #4" classname="Poder generar el código de depósito" time="26.79">
    <system-out><![CDATA[Espera Elemento : By.xpath: //button[contains(text(),'Ingresar')]
Mensaje: Tu código se está generando
Código Generado
Código GeneradoS/ 30.00
]]></system-out>
    <system-err><![CDATA[81300 [main] INFO net.serenitybdd.core.webdriver.driverproviders.ChromeDriverProvider - Starting Chrome driver instance with capabilities:
81300 [main] INFO net.serenitybdd.core.webdriver.driverproviders.ChromeDriverProvider - Capabilities {acceptInsecureCerts: false, browserName: chrome, goog:chromeOptions: {args: [remote-allow-origins=*, --start-maximized], extensions: []}}
feb. 16, 2024 6:00:46 P. M. org.openqa.selenium.manager.SeleniumManager lambda$runCommand$1
INFO: Driver path: C:\Users\rcarrasco\.cache\selenium\chromedriver\win64\121.0.6167.184\chromedriver.exe
feb. 16, 2024 6:00:46 P. M. org.openqa.selenium.manager.SeleniumManager lambda$runCommand$1
INFO: Browser path: C:\Program Files\Google\Chrome\Application\chrome.exe
feb. 16, 2024 6:00:47 P. M. org.openqa.selenium.devtools.CdpVersionFinder findNearestMatch
WARNING: Unable to find CDP implementation matching 121
feb. 16, 2024 6:00:47 P. M. org.openqa.selenium.chromium.ChromiumDriver lambda$new$5
WARNING: Unable to find version of CDP to use for 121.0.6167.161. You may need to include a dependency on a specific version of the CDP using something similar to `org.seleniumhq.selenium:selenium-devtools-v86:4.12.0` where the version ("v86") matches the version of the chromium-based browser you're using and the version number of the artifact is the same as Selenium's.
]]></system-err>
  </testcase>
</testsuite>