<?xml version="1.0" encoding="UTF-8" standalone="no"?><testsuite errors="1" failures="0" name="Poder realizar el inicio de sesión del usuario a la pltaforma web del casino Atlantic City" skipped="0" tests="1" time="0.56" timestamp="2024-02-14 05:22:19"><testcase name="Validar inicio de sesión para la cuenta creada"><error message="Failed to create step library for PageDepositoKashio:class org.openqa.selenium.support.ui.ExpectedConditions$22 cannot be cast to class java.util.concurrent.Callable (org.openqa.selenium.support.ui.ExpectedConditions$22 is in unnamed module of loader 'app'; java.util.concurrent.Callable is in module java.base of loader 'bootstrap')" type="net.serenitybdd.core.exceptions.StepInitialisationException">Failed to create step library for PageDepositoKashio:class org.openqa.selenium.support.ui.ExpectedConditions$22 cannot be cast to class java.util.concurrent.Callable (org.openqa.selenium.support.ui.ExpectedConditions$22 is in unnamed module of loader 'app'; java.util.concurrent.Callable is in module java.base of loader 'bootstrap')</error><system-err>Failed to create step library for PageDepositoKashio:class org.openqa.selenium.support.ui.ExpectedConditions$22 cannot be cast to class java.util.concurrent.Callable (org.openqa.selenium.support.ui.ExpectedConditions$22 is in unnamed module of loader 'app'; java.util.concurrent.Callable is in module java.base of loader 'bootstrap')&#13;
net.thucydides.core.steps.StepFactory.getNewStepLibraryFor(StepFactory.java:130)&#13;
net.thucydides.core.steps.IndividualInstancesByDefaultStepCreationStrategy.initiateStepsFor(IndividualInstancesByDefaultStepCreationStrategy.java:16)&#13;
net.thucydides.core.steps.StepAnnotations.instantiateAnyUnitiaializedSteps(StepAnnotations.java:89)&#13;
net.thucydides.core.steps.StepAnnotations.instanciateScenarioStepFields(StepAnnotations.java:70)&#13;
net.thucydides.core.steps.StepAnnotations.injectNestedScenarioStepsInto(StepAnnotations.java:62)&#13;
net.thucydides.core.steps.StepFactory.instantiateAnyNestedStepLibrariesIn(StepFactory.java:405)&#13;
net.thucydides.core.steps.StepFactory.instantiateNewStepLibraryFor(StepFactory.java:194)&#13;
net.thucydides.core.steps.StepFactory.instantiateNewStepLibraryFor(StepFactory.java:177)&#13;
net.thucydides.core.steps.StepFactory.getNewStepLibraryFor(StepFactory.java:124)&#13;
net.thucydides.core.steps.IndividualInstancesByDefaultStepCreationStrategy.initiateStepsFor(IndividualInstancesByDefaultStepCreationStrategy.java:16)&#13;
net.thucydides.core.steps.StepAnnotations.instantiateAnyUnitiaializedSteps(StepAnnotations.java:89)&#13;
net.thucydides.core.steps.StepAnnotations.instanciateScenarioStepFields(StepAnnotations.java:70)&#13;
net.thucydides.core.steps.StepAnnotations.injectScenarioStepsInto(StepAnnotations.java:52)&#13;
io.cucumber.java.AbstractGlueDefinition.invokeMethod(AbstractGlueDefinition.java:47)&#13;
io.cucumber.java.JavaStepDefinition.execute(JavaStepDefinition.java:29)&#13;
io.cucumber.core.runner.CoreStepDefinition.execute(CoreStepDefinition.java:66)&#13;
io.cucumber.core.runner.PickleStepDefinitionMatch.runStep(PickleStepDefinitionMatch.java:63)&#13;
io.cucumber.core.runner.TestStep.executeStep(TestStep.java:84)&#13;
io.cucumber.core.runner.TestStep.run(TestStep.java:56)&#13;
io.cucumber.core.runner.PickleStepTestStep.run(PickleStepTestStep.java:51)&#13;
io.cucumber.core.runner.TestCase.run(TestCase.java:84)&#13;
io.cucumber.core.runner.Runner.runPickle(Runner.java:75)&#13;
io.cucumber.core.runtime.CucumberExecutionContext.lambda$runTestCase$5(CucumberExecutionContext.java:137)&#13;
io.cucumber.core.runtime.RethrowingThrowableCollector.executeAndThrow(RethrowingThrowableCollector.java:23)&#13;
io.cucumber.core.runtime.CucumberExecutionContext.runTestCase(CucumberExecutionContext.java:137)&#13;
io.cucumber.junit.FeatureRunner.runChild(FeatureRunner.java:144)&#13;
io.cucumber.junit.FeatureRunner.runChild(FeatureRunner.java:28)&#13;
io.cucumber.junit.FeatureRunner.run(FeatureRunner.java:137)&#13;
io.cucumber.junit.CucumberSerenityBaseRunner.runChild(CucumberSerenityBaseRunner.java:330)&#13;
io.cucumber.junit.CucumberSerenityBaseRunner.runChild(CucumberSerenityBaseRunner.java:51)&#13;
com.atlantic.test.runner.RunPersonalizar.run(RunPersonalizar.java:36)&#13;
</system-err></testcase></testsuite>